
**** Build of configuration Debug for project thd ****

"C:\\ti\\ccsv7\\utils\\bin\\gmake" -k -j 4 all -O 
 
'Building file: "../main.c"'
'Invoking: C5500 Compiler'
"C:/ti/ccsv7/tools/compiler/c5500_4.4.1/bin/cl55" -v5502 --memory_model=large -g --include_path="E:/Shay_user/Desktop/UFBA/2017.2/Lab3/lab_3/prob_2/Code/DSP/thd" --include_path="E:/Shay_user/Desktop/UFBA/2017.2/Lab3/lab_3/prob_2/Code/ezdsp5502_v1/C55xxCSL/include" --include_path="E:/Shay_user/Desktop/UFBA/2017.2/Lab3/lab_3/prob_2/Code/ezdsp5502_v1/include" --include_path="E:/Shay_user/Desktop/UFBA/2017.2/Lab3/lab_3/prob_2/Code/dsplib/include" --include_path="C:/ti/ccsv7/tools/compiler/c5500_4.4.1/include" --preinclude="E:/Shay_user/Desktop/UFBA/2017.2/Lab3/lab_3/prob_2/Code/ezdsp5502_v1/include/ezdsp5502.h" --preinclude="E:/Shay_user/Desktop/UFBA/2017.2/Lab3/lab_3/prob_2/Code/ezdsp5502_v1/C55xxCSL/include/csl.h" --preinclude="E:/Shay_user/Desktop/UFBA/2017.2/Lab3/lab_3/prob_2/Code/dsplib/include/Dsplib.h" --define=c5502 --display_error_number --diag_warning=225 --ptrdiff_size=32 --asm_source=mnemonic --preproc_with_compile --preproc_dependency="main.d_raw"  "../main.c"
'Finished building: "../main.c"'
 
'Building target: "thd.out"'
'Invoking: C5500 Linker'
"C:/ti/ccsv7/tools/compiler/c5500_4.4.1/bin/cl55" -v5502 --memory_model=large -g --preinclude="E:/Shay_user/Desktop/UFBA/2017.2/Lab3/lab_3/prob_2/Code/ezdsp5502_v1/include/ezdsp5502.h" --preinclude="E:/Shay_user/Desktop/UFBA/2017.2/Lab3/lab_3/prob_2/Code/ezdsp5502_v1/C55xxCSL/include/csl.h" --preinclude="E:/Shay_user/Desktop/UFBA/2017.2/Lab3/lab_3/prob_2/Code/dsplib/include/Dsplib.h" --define=c5502 --display_error_number --diag_warning=225 --ptrdiff_size=32 --asm_source=mnemonic -z -m"thd.map" --stack_size=0x200 --heap_size=0x400 -i"C:/ti/ccsv7/tools/compiler/c5500_4.4.1/lib" -i"E:/Shay_user/Desktop/UFBA/2017.2/Lab3/lab_3/prob_2/Code/ezdsp5502_v1/C55xxCSL/lib" -i"E:/Shay_user/Desktop/UFBA/2017.2/Lab3/lab_3/prob_2/Code/ezdsp5502_v1/lib" -i"E:/Shay_user/Desktop/UFBA/2017.2/Lab3/lab_3/prob_2/Code/dsplib/lib" -i"C:/ti/ccsv7/tools/compiler/c5500_4.4.1/include" --reread_libs --display_error_number --warn_sections --xml_link_info="thd_linkInfo.xml" --rom_model --sys_stacksize=0x200 -o "thd.out" "./main.obj" "../lnkx.cmd"  -llibc.a -l"E:/Shay_user/Desktop/UFBA/2017.2/Lab3/lab_3/prob_2/Code/ezdsp5502_v1/lib/ezdsp5502bsl.lib" -l"E:/Shay_user/Desktop/UFBA/2017.2/Lab3/lab_3/prob_2/Code/ezdsp5502_v1/C55xxCSL/lib/csl5502.lib" -l"E:/Shay_user/Desktop/UFBA/2017.2/Lab3/lab_3/prob_2/Code/dsplib/lib/55xdsph_r3.lib" 
<Linking>
fatal error #16004: file
   "E:/Shay_user/Desktop/UFBA/2017.2/Lab3/lab_3/prob_2/Code/dsplib/lib/55xdsph_
   r3.lib<cbrev.obj>" has a Tag_Memory_Model attribute value of "3" that is
   different than one previously seen ("2"); combining incompatible files

>> Compilation failure
makefile:144: recipe for target 'thd.out' failed
makefile:140: recipe for target 'all' failed
gmake[1]: *** [thd.out] Error 1
gmake: *** [all] Error 2

**** Build Finished ****
