20:31:32 **** Clean-only build of configuration Debug for project lab3_ativ1 ****
make clean 
Cannot run program "make": Launching failed

Error: Program "make" not found in PATH
PATH=[C:/ti/ccsv7/eclipse/jre/bin/client;C:/ti/ccsv7/eclipse/jre/bin;C:/ti/ccsv7/eclipse/jre/lib/i386;C:\Program Files (x86)\Common Files\Intel\Shared Files\cpp\bin\Intel64;C:\ProgramData\Oracle\Java\javapath;C:\WINDOWS\system32;C:\WINDOWS;C:\WINDOWS\System32\Wbem;C:\WINDOWS\System32\WindowsPowerShell\v1.0\;C:\Program Files\Git\cmd;C:\Program Files (x86)\GtkSharp\2.12\bin;C:\Program Files\MATLAB\MATLAB Production Server\R2015a\runtime\win64;C:\Program Files\MATLAB\MATLAB Production Server\R2015a\bin;C:\Program Files\MATLAB\MATLAB Production Server\R2015a\polyspace\bin;C:\Users\shayr\AppData\Local\Microsoft\WindowsApps;;C:\ti\ccsv7\eclipse;]

**** Build of configuration Debug for project lab3_ativ1 ****

Nothing to build for project lab3_ativ1

**** Build of configuration Debug for project lab3_prob2 ****

"C:\\ti\\ccsv7\\utils\\bin\\gmake" -k -j 4 all -O 
'Building file: ../main.c'
'Invoking: C5500 Compiler'
"C:/ti/ccsv7/tools/compiler/c5500_4.4.1/bin/cl55" -v5502 --memory_model=large -g --include_path="E:/Shay_user/Desktop/UFBA/2017.2/Lab3/lab_3/prob_2/Code/DSP" --include_path="C:/ti/ccsv7/tools/compiler/c5500_4.4.1/include" --define=c5502 --display_error_number --diag_warning=225 --ptrdiff_size=32 --preproc_with_compile --preproc_dependency="main.d_raw"  "../main.c"

>> Compilation failure
subdir_rules.mk:9: recipe for target 'main.obj' failed
"../main.c", line 5: fatal error #5: could not open source file "ezdsp5502.h"
1 fatal error detected in the compilation of "../main.c".
Compilation terminated.
gmake: *** [main.obj] Error 1
gmake: Target 'all' not remade because of errors.

**** Build Finished ****

**** Build of configuration Debug for project lab3_prob2 ****

"C:\\ti\\ccsv7\\utils\\bin\\gmake" -k -j 4 all -O 
'Building file: ../main.c'
'Invoking: C5500 Compiler'
"C:/ti/ccsv7/tools/compiler/c5500_4.4.1/bin/cl55" -v5502 --memory_model=large -g --include_path="E:/Shay_user/Desktop/UFBA/2017.2/Lab3/lab_3/prob_2/Code/DSP" --include_path="C:/ti/ccsv7/tools/compiler/c5500_4.4.1/include" --define=c5502 --display_error_number --diag_warning=225 --ptrdiff_size=16 --preproc_with_compile --preproc_dependency="main.d_raw"  "../main.c"
'Finished building: ../main.c'
' '
'Building target: lab3_prob2.out'
'Invoking: C5500 Linker'
"C:/ti/ccsv7/tools/compiler/c5500_4.4.1/bin/cl55" -v5502 --memory_model=large -g --define=c5502 --display_error_number --diag_warning=225 --ptrdiff_size=16 -z -m"lab3_prob2.map" --stack_size=0x200 --heap_size=0x400 -i"C:/ti/ccsv7/tools/compiler/c5500_4.4.1/lib" -i"C:/ti/ccsv7/tools/compiler/c5500_4.4.1/include" --reread_libs --display_error_number --warn_sections --xml_link_info="lab3_prob2_linkInfo.xml" --rom_model --sys_stacksize=0x200 -o "lab3_prob2.out" "./main.obj" "../VC5502.cmd"  -llibc.a 
<Linking>
'Finished building target: lab3_prob2.out'
' '

**** Build Finished ****

**** Build of configuration Debug for project lab3_prob2 ****

"C:\\ti\\ccsv7\\utils\\bin\\gmake" -k -j 4 all -O 
'Building file: ../main.c'
'Invoking: C5500 Compiler'
"C:/ti/ccsv7/tools/compiler/c5500_4.4.1/bin/cl55" -v5502 --memory_model=large -g --include_path="E:/Shay_user/Desktop/UFBA/2017.2/Lab3/lab_3/prob_2/Code/DSP" --include_path="C:/ti/ccsv7/tools/compiler/c5500_4.4.1/include" --define=c5502 --display_error_number --diag_warning=225 --ptrdiff_size=16 --preproc_with_compile --preproc_dependency="main.d_raw"  "../main.c"

>> Compilation failure
subdir_rules.mk:9: recipe for target 'main.obj' failed
"../main.c", line 5: fatal error #5: could not open source file "ezdsp5502.h"
1 fatal error detected in the compilation of "../main.c".
Compilation terminated.
gmake: *** [main.obj] Error 1
gmake: Target 'all' not remade because of errors.

**** Build Finished ****

**** Build of configuration Debug for project lab3_prob2 ****

"C:\\ti\\ccsv7\\utils\\bin\\gmake" -k -j 4 all -O 
'Building file: ../main.c'
'Invoking: C5500 Compiler'
"C:/ti/ccsv7/tools/compiler/c5500_4.4.1/bin/cl55" -v5502 --memory_model=large -g --include_path="E:/Shay_user/Desktop/UFBA/2017.2/Lab3/lab_3/prob_2/Code/DSP" --include_path="C:/ti/ccsv7/tools/compiler/c5500_4.4.1/include" --define=c5502 --display_error_number --diag_warning=225 --ptrdiff_size=16 --preproc_with_compile --preproc_dependency="main.d_raw"  "../main.c"

>> Compilation failure
subdir_rules.mk:9: recipe for target 'main.obj' failed
"../main.c", line 5: fatal error #5: could not open source file "ezdsp5502.h"
1 fatal error detected in the compilation of "../main.c".
Compilation terminated.
gmake: *** [main.obj] Error 1
gmake: Target 'all' not remade because of errors.

**** Build Finished ****

**** Build of configuration Debug for project lab3_prob2 ****

"C:\\ti\\ccsv7\\utils\\bin\\gmake" -k -j 4 all -O 
'Building file: ../main.c'
'Invoking: C5500 Compiler'
"C:/ti/ccsv7/tools/compiler/c5500_4.4.1/bin/cl55" -v5502 --memory_model=large -g --include_path="E:/Shay_user/Desktop/UFBA/2017.2/Lab3/lab_3/prob_2/Code/DSP" --include_path="C:/ti/ccsv7/tools/compiler/c5500_4.4.1/include" --define=c5502 --display_error_number --diag_warning=225 --ptrdiff_size=16 --preproc_with_compile --preproc_dependency="main.d_raw"  "../main.c"

>> Compilation failure
subdir_rules.mk:9: recipe for target 'main.obj' failed
"../main.c", line 5: fatal error #5: could not open source file "ezdsp5502.h"
1 fatal error detected in the compilation of "../main.c".
Compilation terminated.
gmake: *** [main.obj] Error 1
gmake: Target 'all' not remade because of errors.

**** Build Finished ****

**** Build of configuration Debug for project prob2THD ****

"C:\\ti\\ccsv7\\utils\\bin\\gmake" -k -j 4 all -O 
'Building file: ../main.c'
'Invoking: C5500 Compiler'
"C:/ti/ccsv7/tools/compiler/c5500_4.4.1/bin/cl55" -v5502 --memory_model=large -g --include_path="E:/Shay_user/Desktop/UFBA/2017.2/Lab3/lab_3/prob_1/Code/DSP/prob2THD" --include_path="C:/ti/ccsv7/tools/compiler/c5500_4.4.1/include" --define=c5502 --display_error_number --diag_warning=225 --ptrdiff_size=32 --preproc_with_compile --preproc_dependency="main.d_raw"  "../main.c"
'Finished building: ../main.c'
' '
'Building target: prob2THD.out'
'Invoking: C5500 Linker'
"C:/ti/ccsv7/tools/compiler/c5500_4.4.1/bin/cl55" -v5502 --memory_model=large -g --define=c5502 --display_error_number --diag_warning=225 --ptrdiff_size=32 -z -m"prob2THD.map" --stack_size=0x200 --heap_size=0x400 -i"C:/ti/ccsv7/tools/compiler/c5500_4.4.1/lib" -i"C:/ti/ccsv7/tools/compiler/c5500_4.4.1/include" --reread_libs --display_error_number --warn_sections --xml_link_info="prob2THD_linkInfo.xml" --rom_model --sys_stacksize=0x200 -o "prob2THD.out" "./main.obj" "../VC5502.cmd"  -llibc.a 
<Linking>
'Finished building target: prob2THD.out'
' '

**** Build Finished ****

**** Build of configuration Debug for project prob2THD ****

"C:\\ti\\ccsv7\\utils\\bin\\gmake" -k -j 4 all -O 
'Building file: ../main.c'
'Invoking: C5500 Compiler'
"C:/ti/ccsv7/tools/compiler/c5500_4.4.1/bin/cl55" -v5502 --memory_model=large -g --include_path="E:/Shay_user/Desktop/UFBA/2017.2/Lab3/lab_3/prob_1/Code/DSP/prob2THD" --include_path="C:/ti/ccsv7/tools/compiler/c5500_4.4.1/include" --define=c5502 --display_error_number --diag_warning=225 --ptrdiff_size=16 --preproc_with_compile --preproc_dependency="main.d_raw"  "../main.c"
'Finished building: ../main.c'
' '
'Building target: prob2THD.out'
'Invoking: C5500 Linker'
"C:/ti/ccsv7/tools/compiler/c5500_4.4.1/bin/cl55" -v5502 --memory_model=large -g --define=c5502 --display_error_number --diag_warning=225 --ptrdiff_size=16 -z -m"prob2THD.map" --stack_size=0x200 --heap_size=0x400 -i"C:/ti/ccsv7/tools/compiler/c5500_4.4.1/lib" -i"C:/ti/ccsv7/tools/compiler/c5500_4.4.1/include" --reread_libs --display_error_number --warn_sections --xml_link_info="prob2THD_linkInfo.xml" --rom_model --sys_stacksize=0x200 -o "prob2THD.out" "./main.obj" "../VC5502.cmd"  -llibc.a 
<Linking>
'Finished building target: prob2THD.out'
' '

**** Build Finished ****

**** Build of configuration Debug for project prob2THD ****

"C:\\ti\\ccsv7\\utils\\bin\\gmake" -k -j 4 all -O 
gmake[1]: 'prob2THD.out' is up to date.

**** Build Finished ****

**** Build of configuration Debug for project prob2THD ****

"C:\\ti\\ccsv7\\utils\\bin\\gmake" -k -j 4 all -O 
gmake[1]: 'prob2THD.out' is up to date.

**** Build Finished ****

**** Build of configuration Debug for project prob2THD ****

"C:\\ti\\ccsv7\\utils\\bin\\gmake" -k -j 4 all -O 
'Building file: ../main.c'
'Invoking: C5500 Compiler'
"C:/ti/ccsv7/tools/compiler/c5500_4.4.1/bin/cl55" -v5502 --memory_model=large -g --include_path="E:/Shay_user/Desktop/UFBA/2017.2/Lab3/lab_3/prob_1/Code/DSP/prob2THD" --include_path="C:/ti/ccsv7/tools/compiler/c5500_4.4.1/include" --define=c5502 --display_error_number --diag_warning=225 --ptrdiff_size=16 --preproc_with_compile --preproc_dependency="main.d_raw"  "../main.c"

>> Compilation failure
subdir_rules.mk:9: recipe for target 'main.obj' failed
"../main.c", line 6: fatal error #5: could not open source file "ezdsp5502.h"
1 fatal error detected in the compilation of "../main.c".
Compilation terminated.
gmake: *** [main.obj] Error 1
gmake: Target 'all' not remade because of errors.

**** Build Finished ****
